#
# There is insufficient memory for the Java Runtime Environment to continue.
# Native memory allocation (malloc) failed to allocate 528720 bytes. Error detail: Chunk::new
# Possible reasons:
#   The system is out of physical RAM or swap space
#   This process is running with CompressedOops enabled, and the Java Heap may be blocking the growth of the native heap
# Possible solutions:
#   Reduce memory load on the system
#   Increase physical memory or swap space
#   Check if swap backing store is full
#   Decrease Java heap size (-Xmx/-Xms)
#   Decrease number of Java threads
#   Decrease Java thread stack sizes (-Xss)
#   Set larger code cache with -XX:ReservedCodeCacheSize=
#   JVM is running with Unscaled Compressed Oops mode in which the Java heap is
#     placed in the first 4GB address space. The Java Heap base address is the
#     maximum limit for the native heap growth. Please use -XX:HeapBaseMinAddress
#     to set the Java Heap base and to place the Java Heap above 4GB virtual address.
# This output file may be truncated or incomplete.
#
#  Out of Memory Error (arena.cpp:191), pid=24228, tid=11880
#
# JRE version: OpenJDK Runtime Environment Temurin-17.0.13+11 (17.0.13+11) (build 17.0.13+11)
# Java VM: OpenJDK 64-Bit Server VM Temurin-17.0.13+11 (17.0.13+11, mixed mode, tiered, compressed oops, compressed class ptrs, parallel gc, windows-amd64)
# No core dump will be written. Minidumps are not enabled by default on client versions of Windows
#

---------------  S U M M A R Y ------------

Command Line: --add-modules=ALL-SYSTEM --add-opens=java.base/java.util=ALL-UNNAMED --add-opens=java.base/java.lang=ALL-UNNAMED --add-opens=java.base/sun.nio.fs=ALL-UNNAMED -Declipse.application=org.eclipse.jdt.ls.core.id1 -Dosgi.bundles.defaultStartLevel=4 -Declipse.product=org.eclipse.jdt.ls.core.product -Djava.import.generatesMetadataFilesAtProjectRoot=false -DDetectVMInstallationsJob.disabled=true -Dfile.encoding=utf8 -XX:+UseParallelGC -XX:GCTimeRatio=4 -XX:AdaptiveSizePolicyWeight=90 -Dsun.zip.disableMemoryMapping=true -Xmx1G -Xms100m -Xlog:disable -javaagent:c:\Users\user\.cursor\extensions\redhat.java-1.37.0-win32-x64\lombok\lombok-1.18.34.jar c:\Users\user\.cursor\extensions\redhat.java-1.37.0-win32-x64\server\plugins\org.eclipse.equinox.launcher_1.6.900.v20240613-2009.jar -configuration c:\Users\user\AppData\Roaming\Cursor\User\globalStorage\redhat.java\1.37.0\config_ss_win -data c:\Users\user\AppData\Roaming\Cursor\User\workspaceStorage\9508654c06341cc123093c0ea55e1ed6\redhat.java\ss_ws --pipe=\\.\pipe\lsp-c78e3b52ccc9ea7ec10be775549fa53e-sock

Host: Intel(R) Core(TM) i5-10500H CPU @ 2.50GHz, 12 cores, 11G,  Windows 11 , 64 bit Build 22621 (10.0.22621.4391)
Time: Wed Dec 11 15:01:19 2024 Afr. centrale Ouest elapsed time: 2.057239 seconds (0d 0h 0m 2s)

---------------  T H R E A D  ---------------

Current thread (0x000001cb57a4f850):  JavaThread "C2 CompilerThread0" daemon [_thread_in_native, id=11880, stack(0x000000661fe00000,0x000000661ff00000)]


Current CompileTask:
C2:   2057  786   !   4       java.util.jar.Attributes::read (498 bytes)

Stack: [0x000000661fe00000,0x000000661ff00000]
Native frames: (J=compiled Java code, j=interpreted, Vv=VM code, C=native code)
V  [jvm.dll+0x682a19]
V  [jvm.dll+0x839538]
V  [jvm.dll+0x83afe3]
V  [jvm.dll+0x83b653]
V  [jvm.dll+0x24704f]
V  [jvm.dll+0xace34]
V  [jvm.dll+0xad4cc]
V  [jvm.dll+0x36597e]
V  [jvm.dll+0x1ba793]
V  [jvm.dll+0x2181a7]
V  [jvm.dll+0x21748f]
V  [jvm.dll+0x1a3070]
V  [jvm.dll+0x22788c]
V  [jvm.dll+0x2259eb]
V  [jvm.dll+0x7eec98]
V  [jvm.dll+0x7e8ffc]
V  [jvm.dll+0x6818f7]
C  [ucrtbase.dll+0x29333]
C  [KERNEL32.DLL+0x1259d]
C  [ntdll.dll+0x5af38]


---------------  P R O C E S S  ---------------

Threads class SMR info:
_java_thread_list=0x000001cb57d49690, length=12, elements={
0x000001cb3ea55110, 0x000001cb528d5020, 0x000001cb528d68c0, 0x000001cb57a49320,
0x000001cb57a4a1a0, 0x000001cb57a4b020, 0x000001cb57a4eb60, 0x000001cb57a4f850,
0x000001cb57a56810, 0x000001cb57a58e30, 0x000001cb57b693e0, 0x000001cb57d3c7a0
}

Java Threads: ( => current thread )
  0x000001cb3ea55110 JavaThread "main" [_thread_blocked, id=24024, stack(0x000000661f500000,0x000000661f600000)]
  0x000001cb528d5020 JavaThread "Reference Handler" daemon [_thread_blocked, id=23996, stack(0x000000661f800000,0x000000661f900000)]
  0x000001cb528d68c0 JavaThread "Finalizer" daemon [_thread_blocked, id=23984, stack(0x000000661f900000,0x000000661fa00000)]
  0x000001cb57a49320 JavaThread "Signal Dispatcher" daemon [_thread_blocked, id=23684, stack(0x000000661fa00000,0x000000661fb00000)]
  0x000001cb57a4a1a0 JavaThread "Attach Listener" daemon [_thread_blocked, id=23824, stack(0x000000661fb00000,0x000000661fc00000)]
  0x000001cb57a4b020 JavaThread "Service Thread" daemon [_thread_blocked, id=23716, stack(0x000000661fc00000,0x000000661fd00000)]
  0x000001cb57a4eb60 JavaThread "Monitor Deflation Thread" daemon [_thread_blocked, id=21804, stack(0x000000661fd00000,0x000000661fe00000)]
=>0x000001cb57a4f850 JavaThread "C2 CompilerThread0" daemon [_thread_in_native, id=11880, stack(0x000000661fe00000,0x000000661ff00000)]
  0x000001cb57a56810 JavaThread "C1 CompilerThread0" daemon [_thread_blocked, id=21696, stack(0x000000661ff00000,0x0000006620000000)]
  0x000001cb57a58e30 JavaThread "Sweeper thread" daemon [_thread_blocked, id=18332, stack(0x0000006620000000,0x0000006620100000)]
  0x000001cb57b693e0 JavaThread "Common-Cleaner" daemon [_thread_blocked, id=1260, stack(0x0000006620100000,0x0000006620200000)]
  0x000001cb57d3c7a0 JavaThread "Notification Thread" daemon [_thread_blocked, id=23904, stack(0x0000006620200000,0x0000006620300000)]

Other Threads:
  0x000001cb57a22860 VMThread "VM Thread" [stack: 0x000000661f700000,0x000000661f800000] [id=23964]
  0x000001cb57d3dd10 WatcherThread [stack: 0x0000006620300000,0x0000006620400000] [id=23912]
  0x000001cb3ea69bb0 GCTaskThread "GC Thread#0" [stack: 0x000000661f600000,0x000000661f700000] [id=24148]

Threads with active compile tasks:
C2 CompilerThread0     2103  786   !   4       java.util.jar.Attributes::read (498 bytes)
C1 CompilerThread0     2103  897       3       java.security.MessageDigest::isEqual (100 bytes)

VM state: not at safepoint (normal execution)

VM Mutex/Monitor currently owned by a thread: None

Heap address: 0x00000000c0000000, size: 1024 MB, Compressed Oops mode: 32-bit

CDS archive(s) not mapped
Compressed class space mapped at: 0x0000000100000000-0x0000000140000000, reserved size: 1073741824
Narrow klass base: 0x0000000000000000, Narrow klass shift: 3, Narrow klass range: 0x140000000

GC Precious Log:
 CPUs: 12 total, 12 available
 Memory: 12063M
 Large Page Support: Disabled
 NUMA Support: Disabled
 Compressed Oops: Enabled (32-bit)
 Alignments: Space 512K, Generation 512K, Heap 2M
 Heap Min Capacity: 100M
 Heap Initial Capacity: 100M
 Heap Max Capacity: 1G
 Pre-touch: Disabled
 Parallel Workers: 10

Heap:
 PSYoungGen      total 29696K, used 24769K [0x00000000eab00000, 0x00000000ecc00000, 0x0000000100000000)
  eden space 25600K, 96% used [0x00000000eab00000,0x00000000ec3305e0,0x00000000ec400000)
  from space 4096K, 0% used [0x00000000ec800000,0x00000000ec800000,0x00000000ecc00000)
  to   space 4096K, 0% used [0x00000000ec400000,0x00000000ec400000,0x00000000ec800000)
 ParOldGen       total 68608K, used 0K [0x00000000c0000000, 0x00000000c4300000, 0x00000000eab00000)
  object space 68608K, 0% used [0x00000000c0000000,0x00000000c0000000,0x00000000c4300000)
 Metaspace       used 10631K, committed 10816K, reserved 1114112K
  class space    used 1063K, committed 1152K, reserved 1048576K

Card table byte_map: [0x000001cb3e3e0000,0x000001cb3e5f0000] _byte_map_base: 0x000001cb3dde0000

Marking Bits: (ParMarkBitMap*) 0x00007fffa5f26940
 Begin Bits: [0x000001cb506e0000, 0x000001cb516e0000)
 End Bits:   [0x000001cb516e0000, 0x000001cb526e0000)

Polling page: 0x000001cb3c7e0000

Metaspace:

Usage:
  Non-class:      9.34 MB used.
      Class:      1.04 MB used.
       Both:     10.38 MB used.

Virtual space:
  Non-class space:       64.00 MB reserved,       9.44 MB ( 15%) committed,  1 nodes.
      Class space:        1.00 GB reserved,       1.12 MB ( <1%) committed,  1 nodes.
             Both:        1.06 GB reserved,      10.56 MB ( <1%) committed. 

Chunk freelists:
   Non-Class:  6.34 MB
       Class:  14.70 MB
        Both:  21.05 MB

MaxMetaspaceSize: unlimited
CompressedClassSpaceSize: 1.00 GB
Initial GC threshold: 21.00 MB
Current GC threshold: 21.00 MB
CDS: off
MetaspaceReclaimPolicy: balanced
 - commit_granule_bytes: 65536.
 - commit_granule_words: 8192.
 - virtual_space_node_default_size: 8388608.
 - enlarge_chunks_in_place: 1.
 - new_chunks_are_fully_committed: 0.
 - uncommit_free_chunks: 1.
 - use_allocation_guard: 0.
 - handle_deallocations: 1.


Internal statistics:

num_allocs_failed_limit: 0.
num_arena_births: 16.
num_arena_deaths: 0.
num_vsnodes_births: 2.
num_vsnodes_deaths: 0.
num_space_committed: 169.
num_space_uncommitted: 0.
num_chunks_returned_to_freelist: 0.
num_chunks_taken_from_freelist: 80.
num_chunk_merges: 0.
num_chunk_splits: 54.
num_chunks_enlarged: 47.
num_inconsistent_stats: 0.

CodeHeap 'non-profiled nmethods': size=120000Kb used=326Kb max_used=326Kb free=119673Kb
 bounds [0x000001cb491b0000, 0x000001cb49420000, 0x000001cb506e0000]
CodeHeap 'profiled nmethods': size=120000Kb used=1431Kb max_used=1431Kb free=118568Kb
 bounds [0x000001cb416e0000, 0x000001cb41950000, 0x000001cb48c10000]
CodeHeap 'non-nmethods': size=5760Kb used=1140Kb max_used=1156Kb free=4619Kb
 bounds [0x000001cb48c10000, 0x000001cb48e80000, 0x000001cb491b0000]
 total_blobs=1321 nmethods=891 adapters=345
 compilation: enabled
              stopped_count=0, restarted_count=0
 full_count=0

Compilation events (20 events):
Event: 2.023 Thread 0x000001cb57a56810 nmethod 819 0x000001cb4181e890 code [0x000001cb4181ea20, 0x000001cb4181eb18]
Event: 2.023 Thread 0x000001cb57a56810  820       3       java.util.ArrayList::<init> (61 bytes)
Event: 2.024 Thread 0x000001cb57a56810 nmethod 820 0x000001cb4181eb90 code [0x000001cb4181ede0, 0x000001cb4181f698]
Event: 2.024 Thread 0x000001cb57a56810  822       3       org.eclipse.osgi.internal.util.Tokenizer::skipWhiteSpace (58 bytes)
Event: 2.024 Thread 0x000001cb57a56810 nmethod 822 0x000001cb4181f990 code [0x000001cb4181fb40, 0x000001cb4181fe18]
Event: 2.024 Thread 0x000001cb57a56810  823       3       java.util.AbstractCollection::addAll (42 bytes)
Event: 2.024 Thread 0x000001cb57a56810 nmethod 823 0x000001cb4181ff10 code [0x000001cb41820100, 0x000001cb41820618]
Event: 2.024 Thread 0x000001cb57a56810  824       1       java.nio.Buffer::position (5 bytes)
Event: 2.025 Thread 0x000001cb57a56810 nmethod 824 0x000001cb491ff390 code [0x000001cb491ff520, 0x000001cb491ff5f8]
Event: 2.025 Thread 0x000001cb57a56810  825       3       java.lang.StringLatin1::inflate (34 bytes)
Event: 2.025 Thread 0x000001cb57a56810 nmethod 825 0x000001cb41820790 code [0x000001cb41820940, 0x000001cb41820b38]
Event: 2.025 Thread 0x000001cb57a56810  826       1       java.security.CodeSource::getLocationNoFragString (5 bytes)
Event: 2.025 Thread 0x000001cb57a56810 nmethod 826 0x000001cb491ff690 code [0x000001cb491ff820, 0x000001cb491ff8f8]
Event: 2.029 Thread 0x000001cb57a56810  827       3       java.lang.StringConcatHelper::newArray (40 bytes)
Event: 2.029 Thread 0x000001cb57a56810 nmethod 827 0x000001cb41820c90 code [0x000001cb41820e60, 0x000001cb41821198]
Event: 2.036 Thread 0x000001cb57a56810  828       3       java.util.ArrayDeque::elementAt (4 bytes)
Event: 2.036 Thread 0x000001cb57a56810 nmethod 828 0x000001cb41821290 code [0x000001cb41821420, 0x000001cb41821538]
Event: 2.040 Thread 0x000001cb57a56810  830       3       java.util.ArrayDeque::pollFirst (36 bytes)
Event: 2.040 Thread 0x000001cb57a56810 nmethod 830 0x000001cb41821610 code [0x000001cb418217c0, 0x000001cb41821b58]
Event: 2.050 Thread 0x000001cb57a56810  831   !   3       jdk.internal.loader.BuiltinClassLoader::loadClassOrNull (143 bytes)

GC Heap History (0 events):
No events

Dll operation events (8 events):
Event: 0.784 Loaded shared library c:\Users\user\.cursor\extensions\redhat.java-1.37.0-win32-x64\jre\17.0.13-win32-x86_64\bin\java.dll
Event: 1.189 Loaded shared library c:\Users\user\.cursor\extensions\redhat.java-1.37.0-win32-x64\jre\17.0.13-win32-x86_64\bin\zip.dll
Event: 1.197 Loaded shared library C:\Users\user\.cursor\extensions\redhat.java-1.37.0-win32-x64\jre\17.0.13-win32-x86_64\bin\instrument.dll
Event: 1.229 Loaded shared library C:\Users\user\.cursor\extensions\redhat.java-1.37.0-win32-x64\jre\17.0.13-win32-x86_64\bin\net.dll
Event: 1.241 Loaded shared library C:\Users\user\.cursor\extensions\redhat.java-1.37.0-win32-x64\jre\17.0.13-win32-x86_64\bin\nio.dll
Event: 1.252 Loaded shared library C:\Users\user\.cursor\extensions\redhat.java-1.37.0-win32-x64\jre\17.0.13-win32-x86_64\bin\zip.dll
Event: 1.284 Loaded shared library C:\Users\user\.cursor\extensions\redhat.java-1.37.0-win32-x64\jre\17.0.13-win32-x86_64\bin\jimage.dll
Event: 1.376 Loaded shared library c:\Users\user\.cursor\extensions\redhat.java-1.37.0-win32-x64\jre\17.0.13-win32-x86_64\bin\verify.dll

Deoptimization events (20 events):
Event: 2.023 Thread 0x000001cb3ea55110 Uncommon trap: trap_request=0xffffffde fr.pc=0x000001cb491f3cc0 relative=0x0000000000000a00
Event: 2.023 Thread 0x000001cb3ea55110 Uncommon trap: reason=class_check action=maybe_recompile pc=0x000001cb491f3cc0 method=java.util.HashMap.putVal(ILjava/lang/Object;Ljava/lang/Object;ZZ)Ljava/lang/Object; @ 203 c2
Event: 2.023 Thread 0x000001cb3ea55110 DEOPT PACKING pc=0x000001cb491f3cc0 sp=0x000000661f5fdff0
Event: 2.023 Thread 0x000001cb3ea55110 DEOPT UNPACKING pc=0x000001cb48c666a3 sp=0x000000661f5fdf08 mode 2
Event: 2.024 Thread 0x000001cb3ea55110 Uncommon trap: trap_request=0xffffffde fr.pc=0x000001cb491f3cc0 relative=0x0000000000000a00
Event: 2.024 Thread 0x000001cb3ea55110 Uncommon trap: reason=class_check action=maybe_recompile pc=0x000001cb491f3cc0 method=java.util.HashMap.putVal(ILjava/lang/Object;Ljava/lang/Object;ZZ)Ljava/lang/Object; @ 203 c2
Event: 2.024 Thread 0x000001cb3ea55110 DEOPT PACKING pc=0x000001cb491f3cc0 sp=0x000000661f5fdff0
Event: 2.024 Thread 0x000001cb3ea55110 DEOPT UNPACKING pc=0x000001cb48c666a3 sp=0x000000661f5fdf08 mode 2
Event: 2.049 Thread 0x000001cb3ea55110 Uncommon trap: trap_request=0xffffffde fr.pc=0x000001cb491ebe70 relative=0x0000000000000590
Event: 2.049 Thread 0x000001cb3ea55110 Uncommon trap: reason=class_check action=maybe_recompile pc=0x000001cb491ebe70 method=java.util.Collections$UnmodifiableCollection$1.<init>(Ljava/util/Collections$UnmodifiableCollection;)V @ 17 c2
Event: 2.049 Thread 0x000001cb3ea55110 DEOPT PACKING pc=0x000001cb491ebe70 sp=0x000000661f5fe820
Event: 2.049 Thread 0x000001cb3ea55110 DEOPT UNPACKING pc=0x000001cb48c666a3 sp=0x000000661f5fe768 mode 2
Event: 2.049 Thread 0x000001cb3ea55110 Uncommon trap: trap_request=0xffffffc6 fr.pc=0x000001cb491dbf60 relative=0x00000000000002c0
Event: 2.049 Thread 0x000001cb3ea55110 Uncommon trap: reason=bimorphic_or_optimized_type_check action=maybe_recompile pc=0x000001cb491dbf60 method=java.util.Collections$UnmodifiableCollection$1.next()Ljava/lang/Object; @ 4 c2
Event: 2.050 Thread 0x000001cb3ea55110 DEOPT PACKING pc=0x000001cb491dbf60 sp=0x000000661f5fe830
Event: 2.050 Thread 0x000001cb3ea55110 DEOPT UNPACKING pc=0x000001cb48c666a3 sp=0x000000661f5fe7e0 mode 2
Event: 2.050 Thread 0x000001cb3ea55110 Uncommon trap: trap_request=0xffffffc6 fr.pc=0x000001cb491dbf60 relative=0x00000000000002c0
Event: 2.050 Thread 0x000001cb3ea55110 Uncommon trap: reason=bimorphic_or_optimized_type_check action=maybe_recompile pc=0x000001cb491dbf60 method=java.util.Collections$UnmodifiableCollection$1.next()Ljava/lang/Object; @ 4 c2
Event: 2.050 Thread 0x000001cb3ea55110 DEOPT PACKING pc=0x000001cb491dbf60 sp=0x000000661f5fe830
Event: 2.050 Thread 0x000001cb3ea55110 DEOPT UNPACKING pc=0x000001cb48c666a3 sp=0x000000661f5fe7e0 mode 2

Classes loaded (20 events):
Event: 2.020 Loading class sun/nio/cs/StreamDecoder
Event: 2.021 Loading class sun/nio/cs/StreamDecoder done
Event: 2.021 Loading class sun/nio/cs/UTF_8$Decoder
Event: 2.021 Loading class sun/nio/cs/UTF_8$Decoder done
Event: 2.021 Loading class java/nio/charset/CoderResult
Event: 2.021 Loading class java/nio/charset/CoderResult done
Event: 2.032 Loading class java/util/Random
Event: 2.032 Loading class java/util/random/RandomGenerator
Event: 2.032 Loading class java/util/random/RandomGenerator done
Event: 2.032 Loading class java/util/Random done
Event: 2.033 Loading class java/util/UUID
Event: 2.033 Loading class java/util/UUID done
Event: 2.033 Loading class java/util/concurrent/atomic/AtomicBoolean
Event: 2.034 Loading class java/util/concurrent/atomic/AtomicBoolean done
Event: 2.034 Loading class java/lang/invoke/VarHandleInts$FieldInstanceReadWrite
Event: 2.034 Loading class java/lang/invoke/VarHandleInts$FieldInstanceReadOnly
Event: 2.034 Loading class java/lang/invoke/VarHandleInts$FieldInstanceReadOnly done
Event: 2.034 Loading class java/lang/invoke/VarHandleInts$FieldInstanceReadWrite done
Event: 2.045 Loading class java/nio/file/FileVisitor
Event: 2.045 Loading class java/nio/file/FileVisitor done

Classes unloaded (0 events):
No events

Classes redefined (0 events):
No events

Internal exceptions (12 events):
Event: 1.155 Thread 0x000001cb3ea55110 Exception <a 'java/lang/NoSuchMethodError'{0x00000000eacb5438}: 'void java.lang.invoke.DirectMethodHandle$Holder.invokeStatic(java.lang.Object, java.lang.Object, java.lang.Object)'> (0x00000000eacb5438) 
thrown [s\src\hotspot\share\interpreter\linkResolver.cpp, line 759]
Event: 1.416 Thread 0x000001cb3ea55110 Exception <a 'java/lang/reflect/InvocationTargetException'{0x00000000eafe7740}> (0x00000000eafe7740) 
thrown [s\src\hotspot\share\runtime\reflection.cpp, line 1128]
Event: 1.741 Thread 0x000001cb3ea55110 Exception <a 'java/lang/ClassNotFoundException'{0x00000000eb883df8}: sun/net/www/protocol/c/Handler> (0x00000000eb883df8) 
thrown [s\src\hotspot\share\classfile\systemDictionary.cpp, line 256]
Event: 1.746 Thread 0x000001cb3ea55110 Exception <a 'java/io/FileNotFoundException'{0x00000000eb89ba68}> (0x00000000eb89ba68) 
thrown [s\src\hotspot\share\prims\jni.cpp, line 516]
Event: 1.746 Thread 0x000001cb3ea55110 Exception <a 'java/io/FileNotFoundException'{0x00000000eb89cb98}> (0x00000000eb89cb98) 
thrown [s\src\hotspot\share\prims\jni.cpp, line 516]
Event: 1.747 Thread 0x000001cb3ea55110 Exception <a 'java/io/FileNotFoundException'{0x00000000eb89dcc0}> (0x00000000eb89dcc0) 
thrown [s\src\hotspot\share\prims\jni.cpp, line 516]
Event: 1.747 Thread 0x000001cb3ea55110 Exception <a 'java/io/FileNotFoundException'{0x00000000eb89edb8}> (0x00000000eb89edb8) 
thrown [s\src\hotspot\share\prims\jni.cpp, line 516]
Event: 1.755 Thread 0x000001cb3ea55110 Exception <a 'java/io/FileNotFoundException'{0x00000000eb8d9d00}> (0x00000000eb8d9d00) 
thrown [s\src\hotspot\share\prims\jni.cpp, line 516]
Event: 2.039 Thread 0x000001cb3ea55110 Exception <a 'java/lang/ClassNotFoundException'{0x00000000ec114bb8}: sun/net/www/protocol/c/Handler> (0x00000000ec114bb8) 
thrown [s\src\hotspot\share\classfile\systemDictionary.cpp, line 256]
Event: 2.040 Thread 0x000001cb3ea55110 Exception <a 'java/lang/ClassNotFoundException'{0x00000000ec115f30}: sun/net/www/protocol/c/Handler> (0x00000000ec115f30) 
thrown [s\src\hotspot\share\classfile\systemDictionary.cpp, line 256]
Event: 2.040 Thread 0x000001cb3ea55110 Exception <a 'java/lang/ClassNotFoundException'{0x00000000ec1170f8}: sun/net/www/protocol/c/Handler> (0x00000000ec1170f8) 
thrown [s\src\hotspot\share\classfile\systemDictionary.cpp, line 256]
Event: 2.049 Thread 0x000001cb3ea55110 Exception <a 'java/io/FileNotFoundException'{0x00000000ec13aab0}> (0x00000000ec13aab0) 
thrown [s\src\hotspot\share\prims\jni.cpp, line 516]

VM Operations (8 events):
Event: 1.162 Executing VM operation: HandshakeAllThreads
Event: 1.162 Executing VM operation: HandshakeAllThreads done
Event: 1.302 Executing VM operation: HandshakeAllThreads
Event: 1.302 Executing VM operation: HandshakeAllThreads done
Event: 1.715 Executing VM operation: HandshakeAllThreads
Event: 1.715 Executing VM operation: HandshakeAllThreads done
Event: 1.733 Executing VM operation: HandshakeAllThreads
Event: 1.733 Executing VM operation: HandshakeAllThreads done

Memory protections (0 events):
No events

Nmethod flushes (0 events):
No events

Events (12 events):
Event: 0.926 Thread 0x000001cb3ea55110 Thread added: 0x000001cb3ea55110
Event: 0.991 Thread 0x000001cb3ea55110 Thread added: 0x000001cb528d5020
Event: 0.993 Thread 0x000001cb3ea55110 Thread added: 0x000001cb528d68c0
Event: 1.032 Thread 0x000001cb3ea55110 Thread added: 0x000001cb57a49320
Event: 1.033 Thread 0x000001cb3ea55110 Thread added: 0x000001cb57a4a1a0
Event: 1.033 Thread 0x000001cb3ea55110 Thread added: 0x000001cb57a4b020
Event: 1.033 Thread 0x000001cb3ea55110 Thread added: 0x000001cb57a4eb60
Event: 1.033 Thread 0x000001cb3ea55110 Thread added: 0x000001cb57a4f850
Event: 1.034 Thread 0x000001cb3ea55110 Thread added: 0x000001cb57a56810
Event: 1.034 Thread 0x000001cb3ea55110 Thread added: 0x000001cb57a58e30
Event: 1.128 Thread 0x000001cb3ea55110 Thread added: 0x000001cb57b693e0
Event: 1.513 Thread 0x000001cb3ea55110 Thread added: 0x000001cb57d3c7a0


Dynamic libraries:
0x00007ff727700000 - 0x00007ff72770e000 	c:\Users\user\.cursor\extensions\redhat.java-1.37.0-win32-x64\jre\17.0.13-win32-x86_64\bin\java.exe
0x00007ff876550000 - 0x00007ff876767000 	C:\WINDOWS\SYSTEM32\ntdll.dll
0x00007ff8253d0000 - 0x00007ff8253ea000 	C:\Program Files\AVG\Antivirus\aswhook.dll
0x00007ff875130000 - 0x00007ff8751f4000 	C:\WINDOWS\System32\KERNEL32.DLL
0x00007ff873d90000 - 0x00007ff874149000 	C:\WINDOWS\System32\KERNELBASE.dll
0x00007ff874150000 - 0x00007ff874261000 	C:\WINDOWS\System32\ucrtbase.dll
0x00007ff8256a0000 - 0x00007ff8256b7000 	c:\Users\user\.cursor\extensions\redhat.java-1.37.0-win32-x64\jre\17.0.13-win32-x86_64\bin\jli.dll
0x00007ff875630000 - 0x00007ff8757de000 	C:\WINDOWS\System32\USER32.dll
0x00007ff8738f0000 - 0x00007ff873916000 	C:\WINDOWS\System32\win32u.dll
0x00007ff859ba0000 - 0x00007ff859e32000 	C:\WINDOWS\WinSxS\amd64_microsoft.windows.common-controls_6595b64144ccf1df_6.0.22621.4391_none_2715d37f73803e96\COMCTL32.dll
0x00007ff874a70000 - 0x00007ff874a99000 	C:\WINDOWS\System32\GDI32.dll
0x00007ff874270000 - 0x00007ff874317000 	C:\WINDOWS\System32\msvcrt.dll
0x00007ff873c40000 - 0x00007ff873d5b000 	C:\WINDOWS\System32\gdi32full.dll
0x00007ff873850000 - 0x00007ff8738ea000 	C:\WINDOWS\System32\msvcp_win.dll
0x00007ff815970000 - 0x00007ff81598e000 	c:\Users\user\.cursor\extensions\redhat.java-1.37.0-win32-x64\jre\17.0.13-win32-x86_64\bin\VCRUNTIME140.dll
0x00007ff875a40000 - 0x00007ff875a71000 	C:\WINDOWS\System32\IMM32.DLL
0x00007ff84c7d0000 - 0x00007ff84c7dc000 	c:\Users\user\.cursor\extensions\redhat.java-1.37.0-win32-x64\jre\17.0.13-win32-x86_64\bin\vcruntime140_1.dll
0x00007ff80f6d0000 - 0x00007ff80f75d000 	c:\Users\user\.cursor\extensions\redhat.java-1.37.0-win32-x64\jre\17.0.13-win32-x86_64\bin\msvcp140.dll
0x00007fffa5380000 - 0x00007fffa5feb000 	c:\Users\user\.cursor\extensions\redhat.java-1.37.0-win32-x64\jre\17.0.13-win32-x86_64\bin\server\jvm.dll
0x00007ff874530000 - 0x00007ff8745e2000 	C:\WINDOWS\System32\ADVAPI32.dll
0x00007ff875220000 - 0x00007ff8752c7000 	C:\WINDOWS\System32\sechost.dll
0x00007ff873d60000 - 0x00007ff873d88000 	C:\WINDOWS\System32\bcrypt.dll
0x00007ff875b70000 - 0x00007ff875c84000 	C:\WINDOWS\System32\RPCRT4.dll
0x00007ff874aa0000 - 0x00007ff874b11000 	C:\WINDOWS\System32\WS2_32.dll
0x00007ff8726a0000 - 0x00007ff8726ed000 	C:\WINDOWS\SYSTEM32\POWRPROF.dll
0x00007ff86e810000 - 0x00007ff86e844000 	C:\WINDOWS\SYSTEM32\WINMM.dll
0x00007ff86ea40000 - 0x00007ff86ea4a000 	C:\WINDOWS\SYSTEM32\VERSION.dll
0x00007ff872680000 - 0x00007ff872693000 	C:\WINDOWS\SYSTEM32\UMPDC.dll
0x00007ff872940000 - 0x00007ff872958000 	C:\WINDOWS\SYSTEM32\kernel.appcore.dll
0x00007ff8494a0000 - 0x00007ff8494aa000 	c:\Users\user\.cursor\extensions\redhat.java-1.37.0-win32-x64\jre\17.0.13-win32-x86_64\bin\jimage.dll
0x00007ff871040000 - 0x00007ff871272000 	C:\WINDOWS\SYSTEM32\DBGHELP.DLL
0x00007ff874c80000 - 0x00007ff87500f000 	C:\WINDOWS\System32\combase.dll
0x00007ff875a80000 - 0x00007ff875b57000 	C:\WINDOWS\System32\OLEAUT32.dll
0x00007ff86a8e0000 - 0x00007ff86a912000 	C:\WINDOWS\SYSTEM32\dbgcore.DLL
0x00007ff873920000 - 0x00007ff87399b000 	C:\WINDOWS\System32\bcryptPrimitives.dll
0x00007ff842400000 - 0x00007ff84240e000 	c:\Users\user\.cursor\extensions\redhat.java-1.37.0-win32-x64\jre\17.0.13-win32-x86_64\bin\instrument.dll
0x00007ff8155a0000 - 0x00007ff8155c5000 	c:\Users\user\.cursor\extensions\redhat.java-1.37.0-win32-x64\jre\17.0.13-win32-x86_64\bin\java.dll
0x00007ff814720000 - 0x00007ff814738000 	c:\Users\user\.cursor\extensions\redhat.java-1.37.0-win32-x64\jre\17.0.13-win32-x86_64\bin\zip.dll
0x00007ff875c90000 - 0x00007ff876506000 	C:\WINDOWS\System32\SHELL32.dll
0x00007ff871750000 - 0x00007ff872053000 	C:\WINDOWS\SYSTEM32\windows.storage.dll
0x00007ff871610000 - 0x00007ff87174f000 	C:\WINDOWS\SYSTEM32\wintypes.dll
0x00007ff875370000 - 0x00007ff875469000 	C:\WINDOWS\System32\SHCORE.dll
0x00007ff8744d0000 - 0x00007ff87452e000 	C:\WINDOWS\System32\shlwapi.dll
0x00007ff873780000 - 0x00007ff8737ab000 	C:\WINDOWS\SYSTEM32\profapi.dll
0x00007ff814470000 - 0x00007ff814489000 	C:\Users\user\.cursor\extensions\redhat.java-1.37.0-win32-x64\jre\17.0.13-win32-x86_64\bin\net.dll
0x00007ff86f980000 - 0x00007ff86fab6000 	C:\WINDOWS\SYSTEM32\WINHTTP.dll
0x00007ff872db0000 - 0x00007ff872e19000 	C:\WINDOWS\system32\mswsock.dll
0x00007ff8109a0000 - 0x00007ff8109b6000 	C:\Users\user\.cursor\extensions\redhat.java-1.37.0-win32-x64\jre\17.0.13-win32-x86_64\bin\nio.dll
0x00007ff8386b0000 - 0x00007ff8386c0000 	c:\Users\user\.cursor\extensions\redhat.java-1.37.0-win32-x64\jre\17.0.13-win32-x86_64\bin\verify.dll

dbghelp: loaded successfully - version: 4.0.5 - missing functions: none
symbol engine: initialized successfully - sym options: 0x614 - pdb path: .;c:\Users\user\.cursor\extensions\redhat.java-1.37.0-win32-x64\jre\17.0.13-win32-x86_64\bin;C:\WINDOWS\SYSTEM32;C:\Program Files\AVG\Antivirus;C:\WINDOWS\WinSxS\amd64_microsoft.windows.common-controls_6595b64144ccf1df_6.0.22621.4391_none_2715d37f73803e96;c:\Users\user\.cursor\extensions\redhat.java-1.37.0-win32-x64\jre\17.0.13-win32-x86_64\bin\server

VM Arguments:
jvm_args: --add-modules=ALL-SYSTEM --add-opens=java.base/java.util=ALL-UNNAMED --add-opens=java.base/java.lang=ALL-UNNAMED --add-opens=java.base/sun.nio.fs=ALL-UNNAMED -Declipse.application=org.eclipse.jdt.ls.core.id1 -Dosgi.bundles.defaultStartLevel=4 -Declipse.product=org.eclipse.jdt.ls.core.product -Djava.import.generatesMetadataFilesAtProjectRoot=false -DDetectVMInstallationsJob.disabled=true -Dfile.encoding=utf8 -XX:+UseParallelGC -XX:GCTimeRatio=4 -XX:AdaptiveSizePolicyWeight=90 -Dsun.zip.disableMemoryMapping=true -Xmx1G -Xms100m -Xlog:disable -javaagent:c:\Users\user\.cursor\extensions\redhat.java-1.37.0-win32-x64\lombok\lombok-1.18.34.jar 
java_command: c:\Users\user\.cursor\extensions\redhat.java-1.37.0-win32-x64\server\plugins\org.eclipse.equinox.launcher_1.6.900.v20240613-2009.jar -configuration c:\Users\user\AppData\Roaming\Cursor\User\globalStorage\redhat.java\1.37.0\config_ss_win -data c:\Users\user\AppData\Roaming\Cursor\User\workspaceStorage\9508654c06341cc123093c0ea55e1ed6\redhat.java\ss_ws --pipe=\\.\pipe\lsp-c78e3b52ccc9ea7ec10be775549fa53e-sock
java_class_path (initial): c:\Users\user\.cursor\extensions\redhat.java-1.37.0-win32-x64\server\plugins\org.eclipse.equinox.launcher_1.6.900.v20240613-2009.jar
Launcher Type: SUN_STANDARD

[Global flags]
    uintx AdaptiveSizePolicyWeight                 = 90                                        {product} {command line}
     intx CICompilerCount                          = 4                                         {product} {ergonomic}
    uintx GCTimeRatio                              = 4                                         {product} {command line}
   size_t InitialHeapSize                          = 104857600                                 {product} {command line}
   size_t MaxHeapSize                              = 1073741824                                {product} {command line}
   size_t MaxNewSize                               = 357564416                                 {product} {ergonomic}
   size_t MinHeapDeltaBytes                        = 524288                                    {product} {ergonomic}
   size_t MinHeapSize                              = 104857600                                 {product} {command line}
   size_t NewSize                                  = 34603008                                  {product} {ergonomic}
    uintx NonNMethodCodeHeapSize                   = 5839372                                {pd product} {ergonomic}
    uintx NonProfiledCodeHeapSize                  = 122909434                              {pd product} {ergonomic}
   size_t OldSize                                  = 70254592                                  {product} {ergonomic}
    uintx ProfiledCodeHeapSize                     = 122909434                              {pd product} {ergonomic}
    uintx ReservedCodeCacheSize                    = 251658240                              {pd product} {ergonomic}
     bool SegmentedCodeCache                       = true                                      {product} {ergonomic}
   size_t SoftMaxHeapSize                          = 1073741824                             {manageable} {ergonomic}
     bool UseCompressedClassPointers               = true                           {product lp64_product} {ergonomic}
     bool UseCompressedOops                        = true                           {product lp64_product} {ergonomic}
     bool UseLargePagesIndividualAllocation        = false                                  {pd product} {ergonomic}
     bool UseParallelGC                            = true                                      {product} {command line}

Logging:
Log output configuration:
 #0: stdout all=off uptime,level,tags
 #1: stderr all=off uptime,level,tags

Environment Variables:
JAVA_HOME=C:\Users\user\OneDrive\Desktop\node_api\j\jdk-11.0.23_windows-x64_bin\jdk-11.0.23
PATH=C:\Program Files\Common Files\Oracle\Java\javapath;C:\app\user\product\21c\dbhomeXE\bin;C:\Program Files (x86)\Common Files\Intel\Shared Libraries\redist\intel64\compiler;C:\WINDOWS\system32;C:\WINDOWS;C:\WINDOWS\System32\Wbem;C:\WINDOWS\System32\WindowsPowerShell\v1.0\;C:\WINDOWS\System32\OpenSSH\;C:\MinGW\bin;C:\Program Files\Microsoft SQL Server\120\Tools\Binn\;C:\src\flutter\bin;C:\Program Files\dotnet\;C:\xampp\php;C:\ProgramData\ComposerSetup\bin;C:\Program Files\nodejs\;C:\Program Files (x86)\Yarn\bin;C:\Program Files\Git\cmd;C:\Program Files\Docker\Docker\resources\bin;C:\Windows\System32;C:\Users\user\AppData\Local\Programs\Python\Python312\Scripts\;C:\Users\user\AppData\Local\Programs\Python\Python312\;C:\Users\user\AppData\Local\Programs\Python\Python311\Scripts\;C:\Users\user\AppData\Local\Programs\Python\Python311\;C:\Program Files\MySQL\MySQL Shell 8.1\bin\;C:\Program Files\Java\jdk-20\bin;C:\Users\user\AppData\Local\Programs\Microsoft VS Code\bin;C:\Users\user\AppData\Roaming\Microsoft\Windows\Start Menu\Programs\Python 3.11;C:\Users\user\AppData\Roaming\Microsoft\Windows\Start Menu\Programs\Python 3.12;C:\Users\user\OneDrive\Desktop\sql developper\sqldeveloper\sqldeveloper\extensions;C:\Users\user\AppData\Roaming\Composer\vendor\bin;C:\Users\user\AppData\Roaming\npm;C:\Users\user\anaconda3\Library\bin\;C:\Users\user\anaconda3\Scripts\;C:\Users\user\anaconda3\condabin\;C:\Python27;C:\Users\user\AppData\Local\Microsoft\WindowsApps;C:\Users\user\AppData\Local\Yarn\bin;C:\flutter_windows_3.22.3-stable\flutter\bin;C:\dartsdk-windows-x64-release\dart-sdk\bin;C:\Users\user\AppData\Local\Pub\Cache\bin;C:\Users\user\AppData\Local\Microsoft\WindowsApps\python.exe;C:\Users\user\OneDrive\Desktop\node_api\j\jdk-11.0.23_windows-x64_bin\jdk-11.0.23\bin;
USERNAME=user
OS=Windows_NT
PROCESSOR_IDENTIFIER=Intel64 Family 6 Model 165 Stepping 2, GenuineIntel
TMP=C:\Users\user\AppData\Local\Temp
TEMP=C:\Users\user\AppData\Local\Temp



Periodic native trim disabled


---------------  S Y S T E M  ---------------

OS:
 Windows 11 , 64 bit Build 22621 (10.0.22621.4391)
OS uptime: 0 days 2:00 hours
Hyper-V role detected

CPU: total 12 (initial active 12) (6 cores per cpu, 2 threads per core) family 6 model 165 stepping 2 microcode 0xfc, cx8, cmov, fxsr, ht, mmx, 3dnowpref, sse, sse2, sse3, ssse3, sse4.1, sse4.2, popcnt, lzcnt, tsc, tscinvbit, avx, avx2, aes, erms, clmul, bmi1, bmi2, adx, fma, vzeroupper, clflush, clflushopt, hv
Processor Information for all 12 processors :
  Max Mhz: 2496, Current Mhz: 2496, Mhz Limit: 2496

Memory: 4k page, system-wide physical 12063M (284M free)
TotalPageFile size 18970M (AvailPageFile size 3M)
current process WorkingSet (physical memory assigned to process): 70M, peak: 70M
current process commit charge ("private bytes"): 204M, peak: 204M

vm_info: OpenJDK 64-Bit Server VM (17.0.13+11) for windows-amd64 JRE (17.0.13+11), built on Oct 16 2024 00:10:08 by "admin" with MS VC++ 17.7 (VS2022)

END.
